1647983736082:help
1647983753049:stacktrace
1647984134621:ep
1647984137475:test
1647984139448:help
1647984152302:set_two_views 1
1647984179625:a
1647984184192:qexit
1647985913418:set_two_views 2
1647986249660:set_two_views 3
1647987693504:set_two_views 1
1648007885014:help
1648007906264:set_two_views 5
1648052429993:help
1648056721265:stacktrace
1648056736867:help
1648056739065:clear
1648056740861:help
1648502214398:set_two_views 160
1648884539440:la
1648885759374:clear
1649308776000:help
1649308822466:set_two_views 4
1650501467073:help
1650501472737:set_two_views 1
1650501489071:clear
